<?xml version="1.0" encoding="UTF-8"?>
<testsuite xmlns:xsi="http://www.w3.org/2001/XMLSchema-instance" xsi:noNamespaceSchemaLocation="https://maven.apache.org/surefire/maven-surefire-plugin/xsd/surefire-test-report.xsd" name="tuke.gamestudio.CommentServiceJDBCTest" time="0.355" tests="1" errors="1" skipped="0" failures="0">
  <properties>
[...]
</properties>
  <testcase name="addComment" classname="tuke.gamestudio.CommentServiceJDBCTest" time="0.318">
    <error message="Error saving comment" type="sk.tuke.gamestudio.service.exception.CommentException">sk.tuke.gamestudio.service.exception.CommentException: Error saving comment
	at tuke.gamestudio.CommentServiceJDBCTest.addComment(CommentServiceJDBCTest.java:19)
Caused by: org.postgresql.util.PSQLException: 
ERROR: null value in column "ident" violates not-null constraint
  Detail: Failing row contains (null, videne, 2019-05-13 00:00:00, Mlyny, Janka).
	at tuke.gamestudio.CommentServiceJDBCTest.addComment(CommentServiceJDBCTest.java:19)
</error>
  </testcase>
</testsuite>